The system is: Windows - 10.0.19045 - AMD64
Compiling the C compiler identification source file "CMakeCCompilerId.c" succeeded.
Compiler: F:/CLion 2022.2.3/bin/mingw/bin/gcc.exe 
Build flags: 
Id flags:  

The output was:
0


Compilation of the C compiler identification source "CMakeCCompilerId.c" produced "a.exe"

The C compiler identification is GNU, found in "D:/realworspace/AzureWave/TcpServerANDBase64Decoder/cmake-build-debug/CMakeFiles/3.23.2/CompilerIdC/a.exe"

Compiling the CXX compiler identification source file "CMakeCXXCompilerId.cpp" succeeded.
Compiler: F:/CLion 2022.2.3/bin/mingw/bin/g++.exe 
Build flags: 
Id flags:  

The output was:
0


Compilation of the CXX compiler identification source "CMakeCXXCompilerId.cpp" produced "a.exe"

The CXX compiler identification is GNU, found in "D:/realworspace/AzureWave/TcpServerANDBase64Decoder/cmake-build-debug/CMakeFiles/3.23.2/CompilerIdCXX/a.exe"

Determining if the C compiler works passed with the following output:
Change Dir: D:/realworspace/AzureWave/TcpServerANDBase64Decoder/cmake-build-debug/CMakeFiles/CMakeTmp

Run Build Command(s):F:/CLION2~1.3/bin/mingw/bin/mingw32-make.exe -f Makefile cmTC_4c0ca/fast && F:/CLION2~1.3/bin/mingw/bin/mingw32-make.exe  -f CMakeFiles\cmTC_4c0ca.dir\build.make CMakeFiles/cmTC_4c0ca.dir/build
mingw32-make[1]: Entering directory 'D:/realworspace/AzureWave/TcpServerANDBase64Decoder/cmake-build-debug/CMakeFiles/CMakeTmp'
Building C object CMakeFiles/cmTC_4c0ca.dir/testCCompiler.c.obj
F:\CLION2~1.3\bin\mingw\bin\gcc.exe    -o CMakeFiles\cmTC_4c0ca.dir\testCCompiler.c.obj -c D:\realworspace\AzureWave\TcpServerANDBase64Decoder\cmake-build-debug\CMakeFiles\CMakeTmp\testCCompiler.c
Linking C executable cmTC_4c0ca.exe
"F:\CLion 2022.2.3\bin\cmake\win\bin\cmake.exe" -E cmake_link_script CMakeFiles\cmTC_4c0ca.dir\link.txt --verbose=1
"F:\CLion 2022.2.3\bin\cmake\win\bin\cmake.exe" -E rm -f CMakeFiles\cmTC_4c0ca.dir/objects.a
F:\CLION2~1.3\bin\mingw\bin\ar.exe qc CMakeFiles\cmTC_4c0ca.dir/objects.a @CMakeFiles\cmTC_4c0ca.dir\objects1.rsp
F:\CLION2~1.3\bin\mingw\bin\gcc.exe -Wl,--whole-archive CMakeFiles\cmTC_4c0ca.dir/objects.a -Wl,--no-whole-archive -o cmTC_4c0ca.exe -Wl,--out-implib,libcmTC_4c0ca.dll.a -Wl,--major-image-version,0,--minor-image-version,0 @CMakeFiles\cmTC_4c0ca.dir\linklibs.rsp
mingw32-make[1]: Leaving directory 'D:/realworspace/AzureWave/TcpServerANDBase64Decoder/cmake-build-debug/CMakeFiles/CMakeTmp'



Determining if the CXX compiler works passed with the following output:
Change Dir: D:/realworspace/AzureWave/TcpServerANDBase64Decoder/cmake-build-debug/CMakeFiles/CMakeTmp

Run Build Command(s):F:/CLION2~1.3/bin/mingw/bin/mingw32-make.exe -f Makefile cmTC_b0b81/fast && F:/CLION2~1.3/bin/mingw/bin/mingw32-make.exe  -f CMakeFiles\cmTC_b0b81.dir\build.make CMakeFiles/cmTC_b0b81.dir/build
mingw32-make[1]: Entering directory 'D:/realworspace/AzureWave/TcpServerANDBase64Decoder/cmake-build-debug/CMakeFiles/CMakeTmp'
Building CXX object CMakeFiles/cmTC_b0b81.dir/testCXXCompiler.cxx.obj
F:\CLION2~1.3\bin\mingw\bin\G__~1.EXE    -o CMakeFiles\cmTC_b0b81.dir\testCXXCompiler.cxx.obj -c D:\realworspace\AzureWave\TcpServerANDBase64Decoder\cmake-build-debug\CMakeFiles\CMakeTmp\testCXXCompiler.cxx
Linking CXX executable cmTC_b0b81.exe
"F:\CLion 2022.2.3\bin\cmake\win\bin\cmake.exe" -E cmake_link_script CMakeFiles\cmTC_b0b81.dir\link.txt --verbose=1
"F:\CLion 2022.2.3\bin\cmake\win\bin\cmake.exe" -E rm -f CMakeFiles\cmTC_b0b81.dir/objects.a
F:\CLION2~1.3\bin\mingw\bin\ar.exe qc CMakeFiles\cmTC_b0b81.dir/objects.a @CMakeFiles\cmTC_b0b81.dir\objects1.rsp
F:\CLION2~1.3\bin\mingw\bin\G__~1.EXE -Wl,--whole-archive CMakeFiles\cmTC_b0b81.dir/objects.a -Wl,--no-whole-archive -o cmTC_b0b81.exe -Wl,--out-implib,libcmTC_b0b81.dll.a -Wl,--major-image-version,0,--minor-image-version,0 @CMakeFiles\cmTC_b0b81.dir\linklibs.rsp
mingw32-make[1]: Leaving directory 'D:/realworspace/AzureWave/TcpServerANDBase64Decoder/cmake-build-debug/CMakeFiles/CMakeTmp'



